{"name": "test_login_missing_fields_returns_error[payload2]", "status": "failed", "statusDetails": {"message": "AssertionError: Ожидался 400 при отсутствии обязательных полей, получили 504: Service unavailable\nassert 504 == 400\n +  where 504 = <Response [504]>.status_code", "trace": "self = <test_courier.TestLoginCourier object at 0x000001C547F06B10>, payload = {}\n\n    @pytest.mark.parametrize(\"payload\", [\n        ({\"firstName\": \"Ivan\"}),  # вместо логина пропускаем login\n        ({\"firstName\": \"Ivan\", \"password\": \"1234\"}),\n        ({})\n    ])\n    @allure.story(\"Авторизация — отсутствуют обязательные поля\")\n    def test_login_missing_fields_returns_error(self, payload):\n        r = requests.post(LOGIN_COURIER, json=payload)\n>       assert r.status_code == 400, (\n            f\"Ожидался 400 при отсутствии обязательных полей, получили {r.status_code}: {r.text}\"\n        )\nE       AssertionError: Ожидался 400 при отсутствии обязательных полей, получили 504: Service unavailable\nE       assert 504 == 400\nE        +  where 504 = <Response [504]>.status_code\n\ntests\\test_courier.py:95: AssertionError"}, "parameters": [{"name": "payload", "value": "{}"}], "start": 1762186240963, "stop": 1762186301434, "uuid": "05d37e8c-b6e9-4581-b176-170c0b949661", "historyId": "e527affe024256789ec5027b927478ed", "testCaseId": "20e549c8a06286c79c6296b46cb78770", "fullName": "tests.test_courier.TestLoginCourier#test_login_missing_fields_returns_error", "labels": [{"name": "feature", "value": "Курьеры"}, {"name": "story", "value": "Авторизация — отсутствуют обязательные поля"}, {"name": "parentSuite", "value": "tests"}, {"name": "suite", "value": "test_courier"}, {"name": "subSuite", "value": "TestLoginCourier"}, {"name": "host", "value": "Pulser"}, {"name": "thread", "value": "16672-MainThread"}, {"name": "framework", "value": "pytest"}, {"name": "language", "value": "cpython3"}, {"name": "package", "value": "tests.test_courier"}], "titlePath": ["tests", "test_courier.py", "TestLoginCourier"]}