{"name": "Ошибка при отсутствии поля 'password'", "status": "failed", "statusDetails": {"message": "AssertionError: assert 504 == 400\n +  where 504 = <Response [504]>.status_code", "trace": "self = <test_courier.TestLoginCourier object at 0x0000024F07F142B0>\n\n    @allure.story(\"Авторизация — отсутствует обязательное поле 'password'\")\n    @allure.title(\"Ошибка при отсутствии поля 'password'\")\n    def test_login_without_password_returns_error(self):\n        payload = {\"login\": \"user_test\"}\n        r = requests.post(LOGIN_COURIER, json=payload)\n>       assert r.status_code == 400\nE       assert 504 == 400\nE        +  where 504 = <Response [504]>.status_code\n\ntests\\test_courier.py:95: AssertionError"}, "start": 1762355758723, "stop": 1762355819171, "uuid": "8313837c-5923-40b4-89ab-f4106319341e", "historyId": "43f041fddc13145c0896e285436507db", "testCaseId": "43f041fddc13145c0896e285436507db", "fullName": "tests.test_courier.TestLoginCourier#test_login_without_password_returns_error", "labels": [{"name": "story", "value": "Авторизация — отсутствует обязательное поле 'password'"}, {"name": "feature", "value": "Курьеры"}, {"name": "parentSuite", "value": "tests"}, {"name": "suite", "value": "test_courier"}, {"name": "subSuite", "value": "TestLoginCourier"}, {"name": "host", "value": "Pulser"}, {"name": "thread", "value": "24540-MainThread"}, {"name": "framework", "value": "pytest"}, {"name": "language", "value": "cpython3"}, {"name": "package", "value": "tests.test_courier"}], "titlePath": ["tests", "test_courier.py", "TestLoginCourier"]}